Run Stats for experiment at: 05-30-2015 15:51:03
166746.0
171092.0
170424.0
168973.0
166707.0
170257.0
166541.0
169314.0
169171.0
167722.0
166200.0
168313.0
167400.0
168863.0
168313.0
165576.0
170239.0
171145.0
168210.0
166878.0
168442.0
169607.0
168891.0
172875.0
167288.0
169478.0
167638.0
167020.0
169787.0
165337.0
168468.0
166481.0
166107.0
167757.0
170845.0
168960.0
170449.0
166682.0
168035.0
166838.0
169493.0
172141.0
170259.0
167823.0
166678.0
168667.0
169470.0
167821.0
168082.0
168170.0
Run Stats for experiment at: 05-30-2015 16:45:41
168111.0
163283.0
165440.0
167291.0
165671.0
Run Stats for experiment at: 05-30-2015 16:50:44
170682.0
164373.0
168139.0
167170.0
168868.0
Run Stats for experiment at: 05-30-2015 16:56:13
162766.0
164058.0
163493.0
162767.0
164168.0
Run Stats for experiment at: 05-30-2015 17:25:03
170624.0
166029.0
164310.0
165205.0
166076.0
168245.0
165381.0
163744.0
167592.0
162524.0
165950.0
166580.0
169175.0
165086.0
164183.0
165406.0
165692.0
163101.0
166917.0
164993.0
164619.0
166345.0
167489.0
163339.0
169184.0
165766.0
163734.0
165703.0
165684.0
169937.0
163536.0
162873.0
165450.0
167510.0
167218.0
167082.0
166809.0
166800.0
166152.0
165520.0
164148.0
166155.0
164646.0
166874.0
164240.0
166615.0
165113.0
164908.0
168142.0
161156.0
